Name                            Stmts   Miss  Cover   Missing
-------------------------------------------------------------
eg_auto/__init__.py                 0      0   100%
eg_auto/helpers.py                  9      0   100%
eg_envs/__init__.py                 5      0   100%
eg_envs/adaptive_walk_env.py       47      5    89%   67-70, 73-74
eg_envs/back_and_forth_env.py     124      6    95%   114-117, 165, 168, 171
-------------------------------------------------------------
TOTAL                             185     11    94%
